[   0.00000]Liux vrsio 415.058geeric (buld@lcy01am64-013) gc version 7.4.0 (Ubuntu 7.4.0-1ubunttu1~18.04.1)) #64-Ubuntu SMP ueAug 6 1:12:41TC 219(Ubutu4.150-8.64geeric4.5.18
    .00000] omand in: BOOTMAGE=/oo/vmlnu-4.15.0-58-generic root=LABEL=cloudimg-rootfs ro console=tty1 console=ttyS0
[    0.000000] KERNEL supported cpus:
[    0.000000]   Intel GenuineIntel
[    0.000000]   AMD AuthenticAMD
[    0.000000]   Centaur CentaurHauls
[    0.000000] x86/fpu: Supporting XSAVE feature 0x001: 'x87 floating point registers'
[    0.000000] x86/fpu: Supporting XSAVE feature 0x002: 'SSE regiser'
[   .0000] x6/pu: Spprting XSAVE feature 0x004: 'AVX registers'
[    0.000000] x86/fpu: xstate_offset[2]:  576, xstate_sizes[2]:  256
[    0.000000] x86/fpu: Enabled xstate features 0x7, context size is 832 bytes, using 'standard' format.
[    0.000000] e820: BIOS-provided physical RAM map:
[    0.000000] BIOSe80: [me 0000000000000-0x000000009bff]usble
[   0.0000] BOS-e20 [me0x0000000009c0-0x000000000fff] rseved[    0.000000] BIOS-e820: [mem 0x00000000000f0000-0x00000000000fffff] reserved
[   0.000000] BIOS-e820: [mem 0x0000000000100000-0x000000003ffeffff] usable
[    0.000000] BIOS-e820: [mem 0x000000003fff0000-0x000000003fffffff] ACPI data
[    0.000000] BIOS-e820: [mem 0x00000000fec00000-0x00000000fec00fff] reserved
[    0.000000] BIOS-e820: [mem 0x00000000fee00000-0x00000000fee00fff] reserved
[    0.000000] BIOS-e820: [mem 0x00000000fffc0000-0000000ffffff] rerved
   0.0000] N (xecute sabl) rotecton acte
[  0.0000] SMIO 2.5prsent
    .00000 DI: innoek GmbVirtualBox/VirtualBox, BIOS VirtualBox 12/01/2006
[    0.000000] Hypervisor detected: KVM
[    0.000000] e820: last_pfn = 0x3fff0 max_arch_pfn = 0x400000000
[    0.000000] MTRR: Disabled
[    0.000000] x86/PAT: MTRRs disabled, skipping PAT initializationtoo.
[    0.000000] CPU MTRRs all blank - virtualized system.
[    .00000] 86/AT: Configurtin [0-7] W  WT  UC UC WB WT  UC U  
   0.0000]fond SP P-taleat [em0x009ff0-0x0009ffff] mapped at [        (ptrval)]
[    0.000000] Scanning 1 areas fr ow memy corupion
[    0.000000] RAMDISK: [mem 0x35a8f000-0x36d3efff]
[    0.000000] API Earlytale checksm erifcaion isbled
[   0.0000] ACI:RSDP x00000000E00000004 v02 BO  )[   .00000 ACPI XDT 00000003FF0030 0003C(v01 VBOX   VBOXXSDT 00000001 ASL  00000061)
[    0.000000] ACPI: FACP 0x000000003FFF00F0 0000F4 (v04 VBOX   VBOXFACP 00000001 ASL  00000061)
[    0.000000] ACPI: DSDT 0x000000003FFF0470 0021FF (v02 VBOX   VBOXBIOS 00000002 INTL 20100528)
[    0.000000] ACPI: FACS 0x000000003FFF0200 000040
[    0.000000] ACPI: FACS 0x000000003FFF0200 000040
[    0.000000] ACPI: APIC 0x000000003FFF0240 00005C (v02 VBOX   VBOXAPIC 00000001 ASL  00000061)
[    0.000000] ACPI: SSDT 0x000000003FFF02A0 0001CC (v01 VBOX   VBOXCPUT 00000002 INTL 20100528)
[    0.00000] No UM confiurtion found
[    0.000000] Faking a node at [mem 0x0000000000000000-0x000000003ffeffff]
[    0.000000] NODE_DATA(0) alloated[mem0xffc50-0xffffff
    .00000 km-clck cpu0,msr :3f4401,primy cp cock[   0.00000] kvm-clock: Using msrs 4b564d01 and 4b564d00
[    0.000000] kvm-clock: using sched offset of 3864673224 cycles
[    0.000000] clocksource: kvm-clock: mask: 0xfffffffffffff max_yces: x1cd424dfb, x_ide_s: 815059183ns
   0.0000] Zoe ange
[   0.0000]  DMA    [mm x000000000000-0x0000000000ffffff]
[    0.000000]   DMA32    [mem 0x0000000001000000-0x000000003ffeffff]
[    0.000000]   Normal   empty
[    0.000000]   Device   empty
[    0.000000] Movable zone start for each node
[    0.000000] Early memory node ranges
[    0.000000]   node   0: [mem 0x000000000000-0x0000000009eff][    000000]  ode   : mem x0000000100000x0000003fefff][   0.0000 Resrvd bu uavaiabe: 98 ages[    0.000000] Initmem setup node 0 [mem 0x0000000000001000-0x000000003ffeffff]
[    0.000000] ACPI: PM-Timer IO Port: 0x4008
[    0.000000] IOAPIC[0]: apic_id 2, version 32, address 0xfec00000, GSI 0-23
[    0.000000] ACPI: INT_SRC_OVR (bus 0 bus_irq 0 global_irq 2 dfl dfl)
[    0.00000] API INTSR_OVR(bs 0 usirq  gobalirq9 low lve)
[  0.0000] Uin ACP (ADT)fo SMPcofigutionnforaton
   0.000000] smpboot: Allowing 2 CPUs, 0 hotplug CPUs
[    0.000000] PM: Registered nosave memory: [mem 0x00000000-0x00000fff]
[    0.000000] PM: Registered nosave memory: [mem 0x0009f000-0x0009ffff]
[    0.000000]  PM: Regstered nosave memory: [mem 0x000a0000-0x000effff]
[    0.000000] PM: Registered nosave memory: [mem 0x000f0000-0x000fffff]
[    0.000000] e820: [mem 0x40000000-0xfebfffff] available for PCI devices
[    0.000000] Booin paravirtualized kernel on KVM
[    0.000000] clocksource: refined-jiffies: mask: 0xffffffff max_cycles: 0xffffffff, max_idle_ns: 7645519600211568 ns
[    0.000000] random: get_random_bytes called from start_keernel+0x99/0x4fd with crng_init=0
[    0.000000] setup_percpu: NR_CPUS:8192 nr_cpumask_bits:2 nr_cpu_ids:2 nr_node_ids:1
[    0.000000] percpu: Embedded 46 pages/cpu @        (ptrval) s151552 r8192 d28672 u1048576
[    0.000000] PV qspinlock hash table entries: 256 (order: 0, 4096 bytes)
[    0.000000] Built 1 zonelists, mobility grouping on.  Total pages: 257913
[    0.000000] Policy zone: DMA32
[    0.000000] Kernel command line: BOOT_IMAGE=/boot/vmlinuz-4.15.0-58-generic root=LABEL=cloudimg-rootfs ro console=tty1 console=ttyS0
[    0.000000] Memory: 983460K/1048120K available (12300K kernel code, 2478K rwdata, 4280K rodata, 2424K init, 2384K bss, 64660K reserved, 0K cma-reserved)
[    0.000000] SLUB: HWalign=64, Order=0-3, MinObjects=0, CPUs=2, Nodes=1
[    0.000000] Kernel/User page tables isolation: enabled
[    0.000000] ftrace: allocating 39243 entries in 154 pages
[    0.004000] Hierarchical RCU implementation.
[    0.004000] 	RCU restricting CPUs from NR_CPUS=8192 to nr_cpu_ids=2.
[    0.004000] 	Tasks RCU enabled.
[    0.004000] RCU: Adjusting geometry for rcu_fanout_leaf=16, nr_cpu_ids=2
[    0.004000] NR_IRQS: 524544, nr_irqs: 440, preallocated irqs: 16
[    0.004000] Console: colour VGA+ 80x25
[    0.004000] console [tty1] enabled
[    0.004000] console [ttyS0] enabled
[    0.004000] ACPI: Core revision 20170831
[    0.004000] ACPI: 2 ACPI AML tables successfully acquired and loaded
[    0.004000] APIC: Switch to symmetric I/O mode setup
[    0.004000] x2apic enabled
[    0.004007] Switched APIC routing to physical x2apic.
[    0.012466] ..TIMER: vector=0x30 apic1=0 pin1=2 apic2=-1 pin2=-1
[    0.016005] tsc: Detected 2194.922 MHz processor
[    0.020009] Calibrating delay loop (skipped) preset value.. 4389.84 BogoMIPS (lpj=8779688)
[    0.024006] pid_max: default: 32768 minimum: 301
[    0.028043] Security Framework initialized
[    0.032005] Yama: becoming mindful.
[    0.036034] AppArmor: AppArmor initialized
[    0.037371] Dentry cache hash table entries: 131072 (order: 8, 1048576 bytes)
[    0.040074] Inode-cache hash table entries: 65536 (order: 7, 524288 bytes)
[    0.044027] Mount-cache hash table entries: 2048 (order: 2, 16384 bytes)
[    0.048017] Mountpoint-cache hash table entries: 2048 (order: 2, 16384 bytes)
[    0.052304] mce: CPU supports 0 MCE banks
[    0.056032] Last level iTLB entries: 4KB 64, 2MB 8, 4MB 8
[    0.060007] Last level dTLB entries: 4KB 64, 2MB 0, 4MB 0, 1GB 4
[    0.064008] Spectre V1 : Mitigation: usercopy/swapgs barriers and __user pointer sanitization
[    0.068010] Spectre V2 : Mitigation: Full generic retpoline
[    0.072005] Spectre V2 : Spectre v2 / SpectreRSB mitigation: Filling RSB on context switch
[    0.073731] Speculative Store Bypass: Vulnerable
[    0.074728] MDS: Vulnerable: Clear CPU buffers attempted, no microcode
[    0.076109] Freeing SMP alternatives memory: 36K
[    0.080000] smpboot: CPU0: Intel(R) Core(TM) i5-5200U CPU @ 2.20GHz (family: 0x6, model: 0x3d, stepping: 0x4)
[    0.080115] Performance Events: unsupported p6 CPU model 61 no PMU driver, software events only.
[    0.084052] Hierarchical SRCU implementation.
[    0.088654] NMI watchdog: Perf event create on CPU 0 failed with -2
[    0.092004] NMI watchdog: Perf NMI watchdog permanently disabled
[    0.093041] smp: Bringing up secondary CPUs ...
[    0.096114] x86: Booting SMP configuration:
[    0.100005] .... node  #0, CPUs:      #1
[    0.004000] kvm-clock: cpu 1, msr 0:3ff44041, secondary cpu clock
[    0.004000] mce: CPU supports 0 MCE banks
[    0.106769] smp: Brought up 1 node, 2 CPUs
[    0.108007] smpboot: Max logical packages: 1
[    0.112008] smpboot: Total of 2 processors activated (8779.68 BogoMIPS)
[    0.120064] devtmpfs: initialized
[    0.124067] x86/mm: Memory block size: 128MB
[    0.128158] evm: security.selinux
[    0.132008] evm: security.SMACK64
[    0.136004] evm: security.SMACK64EXEC
[    0.140005] evm: security.SMACK64TRANSMUTE
[    0.144004] evm: security.SMACK64MMAP
[    0.144648] evm: security.apparmor
[    0.145246] evm: security.ima
[    0.145808] evm: security.capability
[    0.148010] clocksource: jiffies: mask: 0xffffffff max_cycles: 0xffffffff, max_idle_ns: 7645041785100000 ns
[    0.149578] futex hash table entries: 512 (order: 3, 32768 bytes)
[    0.150608] pinctrl core: initialized pinctrl subsystem
[    0.152023] RTC time:  9:29:58, date: 10/01/19
[    0.152952] NET: Registered protocol family 16
[    0.153781] audit: initializing netlink subsys (disabled)
[    0.154693] audit: type=2000 audit(1569922192.373:1): state=initialized audit_enabled=0 res=1
[    0.288011] cpuidle: using governor ladder
[    0.292013] cpuidle: using governor menu
[    0.296078] ACPI: bus type PCI registered
[    0.300006] acpiphp: ACPI Hot Plug PCI Controller Driver version: 0.5
[    0.301445] PCI: Using configuration type 1 for base access
[    0.308056] HugeTLB registered 2.00 MiB page size, pre-allocated 0 pages
[    0.312108] ACPI: Added _OSI(Module Device)
[    0.316017] ACPI: Added _OSI(Processor Device)
[    0.320007] ACPI: Added _OSI(3.0 _SCP Extensions)
[    0.324022] ACPI: Added _OSI(Processor Aggregator Device)
[    0.328007] ACPI: Added _OSI(Linux-Dell-Video)
[    0.329041] ACPI: Added _OSI(Linux-Lenovo-NV-HDMI-Audio)
[    0.332011] ACPI: Added _OSI(Linux-HPI-Hybrid-Graphics)
[    0.333447] ACPI: Executed 1 blocks of module-level executable AML code
[    0.343410] ACPI: Interpreter enabled
[    0.344024] ACPI: (supports S0 S5)
[    0.348008] ACPI: Using IOAPIC for interrupt routing
[    0.352502] PCI: Using host bridge windows from ACPI; if necessary, use "pci=nocrs" and report a bug
[    0.355130] ACPI: Enabled 2 GPEs in block 00 to 07
[    0.362611] ACPI: PCI Root Bridge [PCI0] (domain 0000 [bus 00-ff])
[    0.364015] acpi PNP0A03:00: _OSC: OS supports [ASPM ClockPM Segments MSI]
[    0.365161] acpi PNP0A03:00: _OSC: not requesting OS control; OS requires [ExtendedConfig ASPM ClockPM MSI]
[    0.368018] acpi PNP0A03:00: fail to add MMCONFIG information, can't access extended PCI configuration space under this bridge.
[    0.372424] PCI host bridge to bus 0000:00
[    0.373138] pci_bus 0000:00: root bus resource [io  0x0000-0x0cf7 window]
[    0.376004] pci_bus 0000:00: root bus resource [io  0x0d00-0xffff window]
[    0.380004] pci_bus 0000:00: root bus resource [mem 0x000a0000-0x000bffff window]
[    0.381243] pci_bus 0000:00: root bus resource [mem 0x40000000-0xfdffffff window]
[    0.384008] pci_bus 0000:00: root bus resource [bus 00-ff]
[    0.393746] pci 0000:00:01.1: legacy IDE quirk: reg 0x10: [io  0x01f0-0x0117]
[    0.396006] pci 0000:00:01.1: legacy IDE quirk: reg 0x14: [io  0x03f6]
[    0.400005] pci 0000:00:01.1: legacy IDE quirk: reg 0x18: [io  0x0170-0x0177]
[    0.401159] pci 0000:00:01.1: legacy IDE quirk: reg 0x1c: [io  0x0376]
[    0.423536] pci 0000:00:07.0: quirk: [io  0x4000-0x403f] claimed by PIIX4 ACPI
[    0.424029] pci 0000:00:07.0: quirk: [io  0x4100-0x410f] claimed by PIIX4 SMB
[    0.437361] ACPI: PCI Interrupt Link [LNKA] (IRQs 5 9 10 *11)
[    0.440371] ACPI: PCI Interrupt Link [LNKB] (IRQs 5 9 *10 11)
[    0.441435] ACPI: PCI Interrupt Link [LNKC] (IRQs 5 *9 10 11)
[    0.444141] ACPI: PCI Interrupt Link [LNKD] (IRQs 5 9 10 *11)
[    0.452169] SCSI subsystem initialized
[    0.456060] pci 0000:00:02.0: vgaarb: setting as boot VGA device
[    0.460000] pci 0000:00:02.0: vgaarb: VGA device added: decodes=io+mem,owns=io+mem,locks=none
[    0.460011] pci 0000:00:02.0: vgaarb: bridge control possible
[    0.464005] vgaarb: loaded
[    0.468059] ACPI: bus type USB registered
[    0.472054] usbcore: registered new interface driver usbfs
[    0.474759] usbcore: registered new interface driver hub
[    0.476011] usbcore: registered new device driver usb
[    0.484035] EDAC MC: Ver: 3.0.0
[    0.488404] PCI: Using ACPI for IRQ routing
[    0.492439] NetLabel: Initializing
[    0.493447] NetLabel:  domain hash size = 128
[    0.494493] NetLabel:  protocols = UNLABELED CIPSOv4 CALIPSO
[    0.496054] NetLabel:  unlabeled traffic allowed by default
[    0.497698] clocksource: Switched to clocksource kvm-clock
[    0.518272] VFS: Disk quotas dquot_6.6.0
[    0.520379] VFS: Dquot-cache hash table entries: 512 (order 0, 4096 bytes)
   05293 AArr:ppmoFisyemEnabed
[   1.46] np PnPACPI init
[    13052] np PP CP: ou 3 devices

[   .659] loksure:ac_p mk:xfffmacyes 0xfff, x_les:087002ns
[    27306 NT:egted otolamy 
[   21618]TCesblheha tleenris:812 orer4,55 bes
[  4.04286 T bd shtabl eri: 92orr:, 102 yts)
[   7987TC Hh ables ongud stblihe81 bd 92

[   5.97] P shab eri: 2 rder:  184yt)
[  .362 U-Le shab eris:512 (order: 2, 16384 byes
   6744]ETRestedrotool fil1  7.85] i 000:.0Limiting direct PCI/PCI transfers
[    7.867089] pci 0000:00:01.0: Activating ISA DMA hang workarounds

[   7.868440] pci 0000:00:02.0: Video device withhaowd OMatmem 0x00c000x0dff]
[    83149 Unpacking initramfs...

[    8.744346] Freeing initrd memory: 19136K
[    8.823695] clocksource: tsc: mask: 0xffffffffffffffff max_cycles: 0x1fa375eb081, max_idle_ns: 440795260500 ns
[    8.845430] platform rtc_cmos: registered platform RTC device (no PNP device found)
[    8.846721] Scanning for low memory corruption every 60 seconds
[    8.850262] Initialise system trusted keyrings
[    8.857276] Key type blacklist registered
[    8.858087] workingset: timestamp_bits=36 max_order=18 bucket_order=0
[    8.863222] zbud: loaded
[    8.902380] squashfs: version 4.0 (2009/01/31) Phillip Lougher
[    8.913802] fuse init (API version 7.26)
[    8.928250] Key type asymmetric registered
[    8.933905] Asymmetric key parser 'x509' registered
[    8.938743] Block layer SCSI generic (bsg) driver version 0.4 loaded (major 246)
[    8.940920] io scheduler noop registered
[    8.949600] io scheduler deadline registered
[    8.958479] io scheduler cfq registered (default)
[    8.993198] ACPI: AC Adapter [AC] (on-line)
[    9.078892] input: Power Button as /devices/LNXSYSTM:00/LNXPWRBN:00/input/input0
[    9.260858] ACPI: Power Button [PWRF]
[    9.363329] input: Sleep Button as /devices/LNXSYSTM:00/LNXSLPBN:00/input/input1
[    9.501679] ACPI: Sleep Button [SLPF]
[    9.583512] ACPI: Battery Slot [BAT0] (battery present)
[    9.589936] Seri: 25/155 dve, 32 ports, IRQ sharing enabled
[    9.910602] 00:02: ttyS0 at I/O 0x3f8 (irq = 4, base_baud = 115200) is a 16550A
[    9.928290] Linux agpgart interface v0.103
[    9.983385] loop: module loaded
[    9.990078] scsi host0: ata_piix
[   10.036231] scsi host1: ata_piix
[   0.5088 a1:ATma UDM/3cm0x0 l 3fbma d0 i 1

[   108722at: PATA max UDMA/33 cmd 0x170 ctl 0x376 bmdma 0xd008 irq 15

[   11.044178] libph: Fixed MDIO Bus: probed

[   11.076098] tun: Universal TUN/TAP device driver, 1.6
[   11.077482] PPP generic driver version 2.4.2
[   11.123282] ehci_hcd: USB 2.0 'Enhanced' Host Controller (EHCI) Driver
[   11.240363] ehci-pci: EHCI PCI platform driver
[   1.448]hcplfo: CIeniclaordrer
[   120078] ohci_hcd: USB 1.1 'Open' Host Controller (OHCI) Driver
[   12.105386] ohci-pci: OHCI PCI platform drier
[  1.1584]hci-laor OI nec atrmrir
[   1.78248] uhc_h: B ivsa HostCotrllr ntrfe drve

[   3.23] 04 P: /2onolr [PNP30PS,P0f:PM]t 600x iq 1,12
[  13430seo:i82 BDoratx60x i 1
[   149893 sioi82 X ort at0x0,x6 iq 
[   15.491635] mousedev: PS/2 mouse device common for all mice
[   15.597531] rtc_cmos rtc_cmos: rtc core: registered rtc_cmos as rtc0
[   15.711073] input: AT Translated Set 2 keyboard as /devices/platform/i8042/serio0/input/input2
[   15.716617] rtc_cmos rtc_cmos: alarms up to one day, 114 bytes nvram
[   15.848099] i2c /dev entries driver
[   15.951892] device-mapper: uevent: version 1.0.3
[   16.011586] device-mapper: ioctl: 4.37.0-ioctl (2017-09-20) initialised: dm-devel@redhat.com
[   16.013080] ledtrig-cpu: registered to indicate activity on CPUs
[   16.014588] NET: Registered protocol family 10
[   16.019286] Segment Routing with IPv6
[   16.029032] NET: Registered protocol family 17
[   16.031040] Key type dns_resolver registered
[   16.032056] RAS: Correctable Errors collector initialized.
[   16.035469] sched_clock: Marking stable (16032006825, 0)->(28839478144, -12807471319)
[   16.038659] registered taskstats version 1
[   16.041132] Loading compiled-in X.509 certificates
[   16.044698] Loaded X.509 cert 'Build time autogenerated kernel key: e343dd3e31c9820cf0adf0156bc2eecdcfc394af'
[   16.053155] zswap: loaded using pool lzo/zbud
[   16.058534] Key type big_key registered
[   16.128260] Key type trusted registered
[   16.188481] Key type encrypted registered
[   16.250401] AppArmor: AppArmor sha1 policy hashing enabled
[   16.283424] ima: No TPM chip found, activating TPM-bypass! (rc=-19)
[   16.292033] ima: Allocated hash algorithm: sha1
[   16.293042] evm: HMAC attrs: 0x1
[   16.293983]   Magic number: 7:976:473
[   16.294905] rtc_cmos rtc_cmos: setting system clock to 2019-10-01 09:30:15 UTC (1569922215)
[   16.301181] BIOS EDD facility v0.16 2004-Jun-25, 0 devices found
[   16.302657] EDD information not available.
[   16.307142] Freeing unused kernel image memory: 2424K
[   16.332405] Write protecting the kernel read-only data: 20480k
[   16.340838] Freeing unused kernel image memory: 2008K
[   16.343390] Freeing unused kernel image memory: 1864K
[   16.361190] x86/mm: Checked W+X mappings: passed, no W+X pages found.
[   16.367828] x86/mm: Checking user space page tables
[   16.383639] x86/mm: Checked W+X mappings: passed, no W+X pages found.
Loading, please wait...
starting version 237
[   16.498689] Fusion MPT base driver 3.04.20
[   16.508238] Copyright (c) 1999-2008 LSI Corporation
[   16.526043] e1000: Intel(R) PRO/1000 Network Driver - version 7.3.21-k8-NAPI
[   16.532372] e1000: Copyright (c) 1999-2006 Intel Corporation.
[   16.549145] AVX2 version of gcm_enc/dec engaged.
[   16.552163] AES CTR mode by8 optimization enabled
[   16.563250] Fusion MPT SPI Host driver 3.04.20
[   16.742299] input: ImExPS/2 Generic Explorer Mouse as /devices/platform/i8042/serio1/input/input4
[   17.354407] e1000 0000:00:03.0 eth0: (PCI:33MHz:32-bit) 02:cc:50:df:d9:b9
[   17.680865] e1000 0000:00:03.0 eth0: Intel(R) PRO/1000 Network Connection
[   17.682967] mptbase: ioc0: Initiating bringup
[   17.683256] e1000 0000:00:03.0 enp0s3: renamed from eth0
[   17.789672] ioc0: LSI53C1030 A0: Capabilities={Initiator}
[   18.183605] scsi host2: ioc0: LSI53C1030 A0, FwRev=00000000h, Ports=1, MaxQ=256, IRQ=20
[   18.513777] scsi 2:0:0:0: Direct-Access     VBOX     HARDDISK         1.0  PQ: 0 ANSI: 5
[   18.556746] scsi target2:0:0: Beginning Domain Validation
[   18.573949] scsi target2:0:0: Domain Validation skipping write tests
[   18.580587] scsi target2:0:0: Ending Domain Validation
[   18.582052] scsi target2:0:0: asynchronous
[   18.586158] scsi 2:0:1:0: Direct-Access     VBOX     HARDDISK         1.0  PQ: 0 ANSI: 5
[   18.720345] scsi target2:0:1: Beginning Domain Validation
[   18.817106] random: fast init done
[   19.449202] scsi target2:0:1: Domain Validation skipping write tests
[   19.452839] scsi target2:0:1: Ending Domain Validation
[   19.453791] scsi target2:0:1: asynchronous
[   19.459337] random: systemd-udevd: uninitialized urandom read (16 bytes read)
[   19.459467] sd 2:0:0:0: Attached scsi generic sg0 type 0
[   19.505151] random: systemd-udevd: uninitialized urandom read (16 bytes read)
[   19.506460] sd 2:0:1:0: Attached scsi generic sg1 type 0
[   19.507658] random: systemd-udevd: uninitialized urandom read (16 bytes read)
[   19.528356] sd 2:0:0:0: [sda] 20971520 512-byte logical blocks: (10.7 GB/10.0 GiB)
[   19.529146] sd 2:0:1:0: [sdb] 20480 512-byte logical blocks: (10.5 MB/10.0 MiB)
[   19.557823] sd 2:0:0:0: [sda] Write Protect is off
[   19.557888] sd 2:0:1:0: [sdb] Write Protect is off
[   19.562546] sd 2:0:1:0: [sdb] Incomplete mode parameter data
[   19.562554] sd 2:0:0:0: [sda] Incomplete mode parameter data
[   19.563985] sd 2:0:1:0: [sdb] Assuming drive cache: write through
[   19.572787] sd 2:0:0:0: [sda] Assuming drive cache: write through
[   19.598946]  sda: sda1
[   19.602531] sd 2:0:0:0: [sda] Attached SCSI disk
[   19.614560] sd 2:0:1:0: [sdb] Attached SCSI disk
Begin: Loading essential drivers ... [   21.188441] raid6: sse2x1   gen()  8589 MB/s
[   21.324326] raid6: sse2x1   xor()  6049 MB/s
[   21.436268] raid6: sse2x2   gen() 10352 MB/s
[   21.568236] raid6: sse2x2   xor()  6648 MB/s
[   21.688025] raid6: sse2x4   gen() 11644 MB/s
[   21.736396] raid6: sse2x4   xor()  5092 MB/s
[   21.812116] raid6: avx2x1   gen() 13550 MB/s
[   21.864445] raid6: avx2x1   xor() 10649 MB/s
[   21.936341] raid6: avx2x2   gen() 19823 MB/s
[   22.040430] raid6: avx2x2   xor() 11459 MB/s
[   22.136249] raid6: avx2x4   gen() 22653 MB/s
[   22.264302] raid6: avx2x4   xor() 14775 MB/s
[   22.276702] raid6: using algorithm avx2x4 gen() 22653 MB/s
[   22.279628] raid6: .... xor() 14775 MB/s, rmw enabled
[   22.280551] raid6: using avx2x2 recovery algorithm
[   22.283066] xor: automatically using best checksumming function   avx       
[   22.389515] async_tx: api initialized (async)
done.
Begin: Running /scripts/init-premount ... done.
Begin: Mounting root file system ... Begin: R[   22.518569] Btrfs loaded, crc32c=crc32c-intel
unning /scripts/local-top ... done.
Begin: Running /scripts/local-premount ... Scanning for Btrfs filesystems
done.
Warning: fsck no[   22.592014] EXT4-fs (sda1): INFO: recovery required on readonly filesystem
t present, so sk[   22.721177] EXT4-fs (sda1): write access will be enabled during recovery
ipping root file system
[   22.925726] EXT4-fs (sda1): recovery complete
[   23.000649] EXT4-fs (sda1): mounted filesystem with ordered data mode. Opts: (null)
done.
Begin: Running /scripts/local-bottom ... done.
Begin: Running /scripts/init-bottom ... done.
[   23.803620] ip_tables: (C) 2000-2006 Netfilter Core Team
[   23.826786] random: crng init done
[   23.843606] random: 7 urandom warning(s) missed due to ratelimiting
[   23.875519] systemd[1]: systemd 237 running in system mode. (+PAM +AUDIT +SELINUX +IMA +APPARMOR +SMACK +SYSVINIT +UTMP +LIBCRYPTSETUP +GCRYPT +GNUTLS +ACL +XZ +LZ4 +SECCOMP +BLKID +ELFUTILS +KMOD -IDN2 +IDN -PCRE2 default-hierarchy=hybrid)
[   23.930561] systemd[1]: Detected virtualization oracle.
[   23.933929] systemd[1]: Detected architecture x86-64.

Welcome to [1mUbuntu 18.04.3 LTS[0m!

[   23.969915] systemd[1]: Set hostname to <ubuntu-bionic>.
[   24.990395] systemd[1]: Set up automount Arbitrary Executable File Formats File System Automount Point.
[[0;32m  OK  [0m] Set up automount Arbitrary Executab…rmats File System Automount Point.
[   24.996245] systemd[1]: Reached target System Time Synchronized.
[[0;32m  OK  [0m] Reached target System Time Synchronized.
[   25.001837] systemd[1]: Created slice User and Session Slice.
[[0;32m  OK  [0m] Created slice User and Session Slice.
[   25.008128] systemd[1]: Created slice System Slice.
[[0;32m  OK  [0m] Created slice System Slice.
[   25.015206] systemd[1]: Listening on udev Control Socket.
[[0;32m  OK  [0m] Listening on udev Control Socket.
[   25.019428] systemd[1]: Listening on Syslog Socket.
[[0;32m  OK  [0m] Listening on Syslog Socket.
[[0;32m  OK  [0m] Listening on /dev/initctl Compatibility Named Pipe.
[[0;32m  OK  [0m] Created slice system-serial\x2dgetty.slice.
[[0;32m  OK  [0m] Listening on Journal Socket.
         Mounting Huge Pages File System...
[[0;32m  OK  [0m] Listening on LVM2 metadata daemon socket.
         Starting Remount Root and Kernel File Systems...
         Starting Set the console keyboard layout...
         Starting Uncomplicated firewall...
         Starting Load Kernel Modules...
[[0;32m  OK  [0m] [   25.112662] EXT4-fs (sda1): re-mounted. Opts: (null)
Reached target User and Group Name Lookups.
[[0;32m  OK  [0m] Reached targe[   25.740542] Loading iSCSI transport class v2.0-870.
t Slices.
[[0;32m  OK  [0m] Started Forwa[   25.855089] iscsi: registered transport (tcp)
rd Password Requests to Wall Directory Watch.
[[0;32m  OK  [0m] Listening on LVM2 poll daemon[   25.981345] iscsi: registered transport (iser)
 socket.
[[0;32m  OK  [0m] Listening on Device-mapper event daemon FIFOs.
         Starting Monitoring of LVM2 mirrors…ng dmeventd or progress polling...
[[0;32m  OK  [0m] Listening on udev Kernel Socket.
         Starting udev Coldplug all Devices...
         Mounting Kernel Debug File System...
[[0;32m  OK  [0m] Listening on Journal Socket (/dev/log).
         Mounting POSIX Message Queue File System...
[[0;32m  OK  [0m] Listening on Network Service Netlink Socket.
[[0;32m  OK  [0m] Listening on Journal Audit Socket.
         Starting Journal Service...
         Starting Create list of required st…ce nodes for the current kernel...
[[0;32m  OK  [0m] Reached target Swap.
[[0;32m  OK  [0m] Mounted Huge Pages File System.
[[0;32m  OK  [0m] Started Remount Root and Kernel File Systems.
[[0;32m  OK  [0m] Started Journal Service.
[[0;32m  OK  [0m] Started Uncomplicated firewall.
[[0;32m  OK  [0m] Started Load Kernel Modules.
[[0;32m  OK  [0m] Mounted Kernel Debug File System.
[[0;32m  OK  [0m] Mounted POSIX Message Queue File System.
[[0;32m  OK  [0m] Started Create list of required sta…vice nodes for the current kernel.
[[0;32m  OK  [0m] Started udev Coldplug all Devices.
[[0;32m  OK  [0m] Started LVM2 metadata daemon.
         Starting Create Static Device Nodes in /dev...
         Mounting FUSE Control File System...
         Starting Apply Kernel Variables...
         Mounting Kernel Configuration File System...
         Starting Load/Save Random Seed...
         Starting Flush Journal to Persistent Storage...
[[0;32m  OK  [0m] Started Monitoring of LVM2 mirrors,…sing dmeventd or progress polling.
[[0;32m  OK  [0m] Mounted FUSE Control File System.
[[0;32m  OK  [0m] Mounted Kernel Configuration File System.
[[0;32m  OK  [0m] Started Load/Save Random Seed.
[[0;32m  OK  [0m] Started Create Static Device Nodes in /dev.
[[0;32m  OK  [0m] Started Apply Kernel Variables.
         Starting udev Kernel Device Manager...
[[0;32m  OK  [0m] Started udev Kernel Device Manager.
[[0;32m  OK  [0m] Found device /dev/ttyS0.
[[0;32m  OK  [0m] Listening on Load/Save RF Kill Switch Status /dev/rfkill Watch.
[[0;32m  OK  [0m] Started Set the console keyboard layout.
[[0;32m  OK  [0m] Started Flush Journal to Persistent Storage.
[[0;32m  OK  [0m] Started Dispatch Password Requests to Console Directory Watch.
[[0;32m  OK  [0m] Reached target Local Encrypted Volumes.
[[0;32m  OK  [0m] Reached target Local File Systems (Pre).
[[0;32m  OK  [0m] Reached target Local File Systems.
         Starting ebtables ruleset management...
         Starting AppArmor initialization...
         Starting Create Volatile Files and Directories...
         Starting Tell Plymouth To Write Out Runtime Data...
         Starting Set console font and keymap...
[[0;32m  OK  [0m] Started Tell Plymouth To Write Out Runtime Data.
[[0;32m  OK  [0m] Started Create Volatile Files and Directories.
[[0;32m  OK  [0m] Started Set console font and keymap.
         Starting Update UTMP about System Boot/Shutdown...
[[0;32m  OK  [0m] Started Update UTMP about System Boot/Shutdown.
[[0;32m  OK  [0m] Started ebtables ruleset management.
[[0;32m  OK  [0m] Started AppArmor initialization.
         Starting Initial cloud-init job (pre-networking)...
[   31.856397] cloud-init[591]: Cloud-init v. 19.1-1-gbaa47854-0ubuntu1~18.04.1 running 'init-local' at Tue, 01 Oct 2019 09:30:30 +0000. Up 31.41 seconds.
[[0;32m  OK  [0m] Started Initial cloud-init job (pre-networking).
[[0;32m  OK  [0m] Reached target Network (Pre).
         Starting Network Service...
[[0;32m  OK  [0m] Started Network Service.
         Starting Wait for Network to be Configured...
         Starting Network Name Resolution...
[[0;32m  OK  [0m] Started Network Name Resolution.
[[0;32m  OK  [0m] Reached target Host and Network Name Lookups.
[[0;32m  OK  [0m] Reached target Network.
[[0;32m  OK  [0m] Started Wait for Network to be Configured.
         Starting Initial cloud-init job (metadata service crawler)...
[   34.202202] cloud-init[693]: Cloud-init v. 19.1-1-gbaa47854-0ubuntu1~18.04.1 running 'init' at Tue, 01 Oct 2019 09:30:33 +0000. Up 33.96 seconds.
[   34.237835] cloud-init[693]: ci-info: ++++++++++++++++++++++++++++++++++++++Net device info++++++++++++++++++++++++++++++++++++++
[   34.276256] cloud-init[693]: ci-info: +--------+------+----------------------------+---------------+--------+-------------------+
[   34.368694] cloud-init[693]: ci-info: | Device |  Up  |          Address           |      Mask     | Scope  |     Hw-Address    |
[   34.476840] cloud-init[693]: ci-info: +--------+------+----------------------------+---------------+--------+-------------------+
[   34.513165] cloud-init[693]: ci-info: | enp0s3 | True |         10.0.2.15          | 255.255.255.0 | global | 02:cc:50:df:d9:b9 |
[   34.531123] cloud-init[693]: ci-info: | enp0s3 | True | fe80::cc:50ff:fedf:d9b9/64 |       .       |  link  | 02:cc:50:df:d9:b9 |
[   34.564945] cloud-init[693]: ci-info: |   lo   | True |         127.0.0.1          |   255.0.0.0   |  host  |         .         |
[   34.597119] cloud-init[693]: ci-info: |   lo   | True |          ::1/128           |       .       |  host  |         .         |
[   34.602159] cloud-init[693]: ci-info: +--------+------+----------------------------+---------------+--------+-------------------+
[[   34.640204] cloud-init[693]: ci-info: ++++++++++++++++++++++++++++Route IPv4 info+++++++++++++++++++++++++++++
[   34.640387] cloud-init[693]: ci-info: +-------+-------------+----------+-----------------+-----------+-------+
[0;32m  OK  [0m] Started Initial cloud-init job (metadata service crawler).
[   34.640583] cloud-init[693]: ci-info: | Route | Destination | Gateway  |     Genmask     | Interface | Flags |
[[   34.713407] cloud-init[693]: ci-info: +-------+-------------+----------+-----------------+-----------+-------+
[   34.713572] cloud-init[693]: ci-info: |   0   |   0.0.0.0   | 10.0.2.2 |     0.0.0.0     |   enp0s3  |   UG  |
[   34.714024] cloud-init[693]: ci-info: |   1   |   10.0.2.0  | 0.0.0.0  |  255.255.255.0  |   enp0s3  |   U   |
[   34.714479] cloud-init[693]: ci-info: |   2   |   10.0.2.2  | 0.0.0.0  | 255.255.255.255 |   enp0s3  |   UH  |
[0;32m  OK  [0m] Reached target System Initialization.
[   34.714706] cloud-init[693]: ci-info: +-------+-------------+----------+-----------------+-----------+-------+
[   34.728779] cloud-init[693]: ci-info: +++++++++++++++++++Route IPv6 info+++++++++++++++++++
[[   34.744816] cloud-init[693]: ci-info: +-------+-------------+---------+-----------+-------+
[   34.745015] cloud-init[693]: ci-info: | Route | Destination | Gateway | Interface | Flags |
[0;32m  OK  [0m] Started Discard unused blocks once a week.
[   34.745230] cloud-init[693]: ci-info: +-------+-------------+---------+-----------+-------+
[[   34.754516] cloud-init[693]: ci-info: |   1   |  fe80::/64  |    ::   |   enp0s3  |   U   |
[   34.754801] cloud-init[693]: ci-info: |   3   |    local    |    ::   |   enp0s3  |   U   |
[   34.755087] cloud-init[693]: ci-info: |   4   |   ff00::/8  |    ::   |   enp0s3  |   U   |
[   34.755769] cloud-init[693]: ci-info: +-------+-------------+---------+-----------+-------+
[0;32m  OK  [0m] Listening on Open-iSCSI iscsid Socket.
[[0;32m  OK  [0m] Started Daily Cleanup of Temporary Directories.
[[0;32m  OK  [0m] Listening on D-Bus System Message Bus Socket.
         Starting LXD - unix socket.
[[0;32m  OK  [0m] Listening on ACPID Listen Socket.
[[0;32m  OK  [0m] Started ACPI Events Check.
[[0;32m  OK  [0m] Started Daily apt upgrade and clean activities.
[[0;32m  OK  [0m] Reached target Paths.
[[0;32m  OK  [0m] Started Message of the Day.
[[0;32m  OK  [0m] Reached target Timers.
[[0;32m  OK  [0m] Listening on UUID daemon activation socket.
         Starting Socket activation for snappy daemon.
[[0;32m  OK  [0m] Reached target Network is Online.
         Starting Availability of block devices...
[[0;32m  OK  [0m] Reached target Remote File Systems (Pre).
[[0;32m  OK  [0m] Reached target Remote File Systems.
[[0;32m  OK  [0m] Reached target Cloud-config availability.
[[0;32m  OK  [0m] Listening on LXD - unix socket.
[[0;32m  OK  [0m] Listening on Socket activation for snappy daemon.
[[0;32m  OK  [0m] Started Availability of block devices.
[[0;32m  OK  [0m] Reached target Sockets.
[[0;32m  OK  [0m] Reached target Basic System.
         Starting Virtualbox guest utils...
[[0;32m  OK  [0m] Started FUSE filesystem for LXC.
[[0;32m  OK  [0m] Started D-Bus System Message Bus.
         Starting Discard unused blocks...
         Starting LSB: Record successful boot for GRUB...
         Starting LXD - container startup/shutdown...
         Starting LSB: automatic crash report generation...
         Starting OpenBSD Secure Shell server...
[[0;32m  OK  [0m] Started Regular background program processing daemon.
[[0;32m  OK  [0m] Started irqbalance daemon.
         Starting System Logging Service...
         Starting Accounts Service...
         Starting Dispatcher daemon for systemd-networkd...
         Starting Permit User Sessions...
         Starting Snappy daemon...
[[0;32m  OK  [0m] Started Deferred execution scheduler.
         Starting Message of the Day...
         Starting Daily apt upgrade and clean activities...
         Starting Login Service...
[[0;32m  OK  [0m] Started System Logging Service.
[[0;32m  OK  [0m] Started Discard unused blocks.
[[0;32m  OK  [0m] Started Permit User Sessions.
[[0;32m  OK  [0m] Started OpenBSD Secure Shell server.
[[0;32m  OK  [0m] Started Login Service.
[[0;32m  OK  [0m] Started Unattended Upgrades Shutdown.
         Starting Authorization Manager...
         Starting Hold until boot process finishes up...
         Starting Terminate Plymouth Boot Screen...
[[0;32m  OK  [0m] Started Hold until boot process finishes up.
         Starting Set console scheme...
[[0;32m  OK  [0m] Started Serial Getty on ttyS0.
[[0;32m  OK  [0m] Started Terminate Plymouth Boot Screen.
[[0;32m  OK  [0m] Started LSB: automatic crash report generation.
[[0;32m  OK  [0m] Started Set console scheme.
[[0;32m  OK  [0m] Created slice system-getty.slice.
[[0;32m  OK  [0m] Started Getty on tty1.
[[0;32m  OK  [0m] Reached target Login Prompts.
[[0;32m  OK  [0m] Started LSB: Record successful boot for GRUB.
[[0;32m  OK  [0m] Started Authorization Manager.
[[0;32m  OK  [0m] Started Accounts Service.
[[0;32m  OK  [0m] Started Virtualbox guest utils.
[[0;32m  OK  [0m] Started LXD - container startup/shutdown.
[[0;32m  OK  [0m] Started Snappy daemon.
         Starting Wait until snapd is fully seeded...
[[0;32m  OK  [0m] Started Dispatcher daemon for systemd-networkd.
[[0;32m  OK  [0m] Started Wait until snapd is fully seeded.
         Starting Apply the settings specified in cloud-config...
[[0;32m  OK  [0m] Reached target Multi-User System.
[[0;32m  OK  [0m] Reached target Graphical Interface.
         Starting Update UTMP about System Runlevel Changes...
[[0;32m  OK  [0m] Started Update UTMP about System Runlevel Changes.
[[0;32m  OK  [0m] Created slice User Slice of vagrant.
[[0;32m  OK  [0m] Started Message of the Day.
[[0;32m  OK  [0m] Started Session 1 of user vagrant.
         Starting User Manager for UID 1000...
[   39.923051] cloud-init[1294]: Cloud-init v. 19.1-1-gbaa47854-0ubuntu1~18.04.1 running 'modules:config' at Tue, 01 Oct 2019 09:30:38 +0000. Up 39.67 seconds.
[[0;32m  OK  [0m] Started Apply the settings specified in cloud-config.
         Starting Execute cloud user/final scripts...
[[0;32m  OK  [0m] Started User Manager for UID 1000.
[   40.957939] cloud-init[1373]: Cloud-init v. 19.1-1-gbaa47854-0ubuntu1~18.04.1 running 'modules:final' at Tue, 01 Oct 2019 09:30:39 +0000. Up 40.67 seconds.
[   40.984992] cloud-init[1373]: Cloud-init v. 19.1-1-gbaa47854-0ubuntu1~18.04.1 finished at Tue, 01 Oct 2019 09:30:40 +0000. Datasource DataSourceNoCloud [seed=/dev/sdb][dsmode=net].  Up 40.94 seconds
[[0;32m  OK  [0m] Started Execute cloud user/final scripts.
[[0;32m  OK  [0m] Reached target Cloud-init target.

Ubuntu 18.04.3 LTS ubuntu-bionic ttyS0

ubuntu-bionic login: 